[2m2024-12-20T15:22:12.181709Z[0m [31mERROR[0m [2mglazewm[0m[2m:[0m general: missing field `cursor_jump` at line 2 column 3
[2m2024-12-20T15:39:23.969718Z[0m [31mERROR[0m [2mglazewm[0m[2m:[0m window_rules[1]: missing field `commands` at line 140 column 5
[2m2024-12-20T15:40:06.355173Z[0m [31mERROR[0m [2mglazewm[0m[2m:[0m window_rules[1].commands: unexpected argument found
 at line 140 column 15
[2m2024-12-20T15:41:20.937761Z[0m [31mERROR[0m [2mglazewm[0m[2m:[0m window_rules[1].commands: unexpected argument found
 at line 140 column 15
[2m2024-12-20T16:23:08.730039Z[0m [31mERROR[0m [2mglazewm[0m[2m:[0m window_rules[1].commands: unexpected argument found
 at line 140 column 15
[2m2024-12-20T16:25:01.986057Z[0m [31mERROR[0m [2mglazewm[0m[2m:[0m window_rules[1]: missing field `match` at line 140 column 5
[2m2024-12-28T03:19:45.768113Z[0m [31mERROR[0m [2mglazewm[0m[2m:[0m Another instance of the application is already running.
[2m2025-02-11T04:40:16.025962Z[0m [31mERROR[0m [2mglazewm[0m[2m:[0m Invalid window handle. (0x80070578)
[2m2025-02-11T04:40:17.898051Z[0m [31mERROR[0m [2mglazewm[0m[2m:[0m Invalid window handle. (0x80070578)
[2m2025-02-11T04:40:19.182576Z[0m [31mERROR[0m [2mglazewm[0m[2m:[0m Invalid window handle. (0x80070578)
[2m2025-02-11T04:40:19.627688Z[0m [31mERROR[0m [2mglazewm[0m[2m:[0m Invalid window handle. (0x80070578)
[2m2025-02-11T04:40:19.856150Z[0m [31mERROR[0m [2mglazewm[0m[2m:[0m Invalid window handle. (0x80070578)
[2m2025-02-11T04:40:20.076052Z[0m [31mERROR[0m [2mglazewm[0m[2m:[0m Invalid window handle. (0x80070578)
[2m2025-02-11T04:40:20.354372Z[0m [31mERROR[0m [2mglazewm[0m[2m:[0m Invalid window handle. (0x80070578)
[2m2025-02-11T04:40:20.605196Z[0m [31mERROR[0m [2mglazewm[0m[2m:[0m Invalid window handle. (0x80070578)
[2m2025-02-11T04:40:20.854929Z[0m [31mERROR[0m [2mglazewm[0m[2m:[0m Invalid window handle. (0x80070578)
[2m2025-02-11T04:40:21.043568Z[0m [31mERROR[0m [2mglazewm[0m[2m:[0m Invalid window handle. (0x80070578)
[2m2025-02-11T04:40:21.243234Z[0m [31mERROR[0m [2mglazewm[0m[2m:[0m Invalid window handle. (0x80070578)
[2m2025-02-11T04:40:21.540752Z[0m [31mERROR[0m [2mglazewm[0m[2m:[0m Invalid window handle. (0x80070578)
[2m2025-02-11T04:40:21.972796Z[0m [31mERROR[0m [2mglazewm[0m[2m:[0m Invalid window handle. (0x80070578)
[2m2025-02-11T04:40:22.172690Z[0m [31mERROR[0m [2mglazewm[0m[2m:[0m Invalid window handle. (0x80070578)
[2m2025-02-11T04:40:22.324553Z[0m [31mERROR[0m [2mglazewm[0m[2m:[0m Invalid window handle. (0x80070578)
[2m2025-02-11T04:40:22.490371Z[0m [31mERROR[0m [2mglazewm[0m[2m:[0m Invalid window handle. (0x80070578)
[2m2025-02-11T04:40:22.638044Z[0m [31mERROR[0m [2mglazewm[0m[2m:[0m Invalid window handle. (0x80070578)
[2m2025-02-11T04:40:22.806997Z[0m [31mERROR[0m [2mglazewm[0m[2m:[0m Invalid window handle. (0x80070578)
[2m2025-02-11T04:40:22.973802Z[0m [31mERROR[0m [2mglazewm[0m[2m:[0m Invalid window handle. (0x80070578)
[2m2025-02-11T04:40:23.125122Z[0m [31mERROR[0m [2mglazewm[0m[2m:[0m Invalid window handle. (0x80070578)
[2m2025-02-11T04:40:23.593185Z[0m [31mERROR[0m [2mglazewm[0m[2m:[0m Invalid window handle. (0x80070578)
[2m2025-02-11T04:40:23.894642Z[0m [31mERROR[0m [2mglazewm[0m[2m:[0m Invalid window handle. (0x80070578)
[2m2025-02-11T04:40:24.188766Z[0m [31mERROR[0m [2mglazewm[0m[2m:[0m Invalid window handle. (0x80070578)
[2m2025-02-11T04:40:24.310144Z[0m [31mERROR[0m [2mglazewm[0m[2m:[0m Invalid window handle. (0x80070578)
[2m2025-02-11T04:40:24.461419Z[0m [31mERROR[0m [2mglazewm[0m[2m:[0m Invalid window handle. (0x80070578)
[2m2025-02-11T04:40:24.593390Z[0m [31mERROR[0m [2mglazewm[0m[2m:[0m Invalid window handle. (0x80070578)
[2m2025-02-11T04:40:24.740592Z[0m [31mERROR[0m [2mglazewm[0m[2m:[0m Invalid window handle. (0x80070578)
[2m2025-02-11T04:40:24.889980Z[0m [31mERROR[0m [2mglazewm[0m[2m:[0m Invalid window handle. (0x80070578)
[2m2025-02-11T04:40:25.021641Z[0m [31mERROR[0m [2mglazewm[0m[2m:[0m Invalid window handle. (0x80070578)
[2m2025-02-11T04:40:25.189947Z[0m [31mERROR[0m [2mglazewm[0m[2m:[0m Invalid window handle. (0x80070578)
[2m2025-02-11T04:40:27.414840Z[0m [31mERROR[0m [2mglazewm[0m[2m:[0m Invalid window handle. (0x80070578)
[2m2025-02-11T04:40:31.661702Z[0m [31mERROR[0m [2mglazewm[0m[2m:[0m Invalid window handle. (0x80070578)
[2m2025-02-11T04:40:31.854233Z[0m [31mERROR[0m [2mglazewm[0m[2m:[0m Invalid window handle. (0x80070578)
[2m2025-02-11T04:40:32.006531Z[0m [31mERROR[0m [2mglazewm[0m[2m:[0m Invalid window handle. (0x80070578)
[2m2025-02-11T04:40:32.158048Z[0m [31mERROR[0m [2mglazewm[0m[2m:[0m Invalid window handle. (0x80070578)
[2m2025-02-11T04:40:32.307199Z[0m [31mERROR[0m [2mglazewm[0m[2m:[0m Invalid window handle. (0x80070578)
[2m2025-02-11T04:40:32.458760Z[0m [31mERROR[0m [2mglazewm[0m[2m:[0m Invalid window handle. (0x80070578)
[2m2025-02-11T04:40:32.973920Z[0m [31mERROR[0m [2mglazewm[0m[2m:[0m Invalid window handle. (0x80070578)
[2m2025-02-11T04:40:33.174414Z[0m [31mERROR[0m [2mglazewm[0m[2m:[0m Invalid window handle. (0x80070578)
[2m2025-02-11T04:40:33.672341Z[0m [31mERROR[0m [2mglazewm[0m[2m:[0m Invalid window handle. (0x80070578)
[2m2025-02-11T04:40:33.703787Z[0m [31mERROR[0m [2mglazewm[0m[2m:[0m Invalid window handle. (0x80070578)
[2m2025-02-11T04:40:33.756344Z[0m [31mERROR[0m [2mglazewm[0m[2m:[0m Invalid window handle. (0x80070578)
[2m2025-02-11T04:40:33.791590Z[0m [31mERROR[0m [2mglazewm[0m[2m:[0m Invalid window handle. (0x80070578)
[2m2025-02-11T04:40:33.855754Z[0m [31mERROR[0m [2mglazewm[0m[2m:[0m Invalid window handle. (0x80070578)
[2m2025-02-11T04:40:33.916050Z[0m [31mERROR[0m [2mglazewm[0m[2m:[0m Invalid window handle. (0x80070578)
[2m2025-02-11T04:40:33.945609Z[0m [31mERROR[0m [2mglazewm[0m[2m:[0m Invalid window handle. (0x80070578)
[2m2025-02-11T04:40:33.975664Z[0m [31mERROR[0m [2mglazewm[0m[2m:[0m Invalid window handle. (0x80070578)
[2m2025-02-11T04:40:34.027461Z[0m [31mERROR[0m [2mglazewm[0m[2m:[0m Invalid window handle. (0x80070578)
[2m2025-02-11T04:40:34.075928Z[0m [31mERROR[0m [2mglazewm[0m[2m:[0m Invalid window handle. (0x80070578)
[2m2025-02-11T04:40:34.120936Z[0m [31mERROR[0m [2mglazewm[0m[2m:[0m Invalid window handle. (0x80070578)
[2m2025-02-11T04:40:34.153288Z[0m [31mERROR[0m [2mglazewm[0m[2m:[0m Invalid window handle. (0x80070578)
[2m2025-02-11T04:40:34.214694Z[0m [31mERROR[0m [2mglazewm[0m[2m:[0m Invalid window handle. (0x80070578)
[2m2025-03-27T08:34:29.772657Z[0m [31mERROR[0m [2mglazewm[0m[2m:[0m Access is denied. (0x80070005)
[2m2025-03-30T09:50:58.121622Z[0m [31mERROR[0m [2mglazewm[0m[2m:[0m Access is denied. (0x80070005)
[2m2025-05-01T11:52:04.381016Z[0m [31mERROR[0m [2mglazewm[0m[2m:[0m Access is denied. (0x80070005)
[2m2025-05-08T02:27:28.655755Z[0m [31mERROR[0m [2mglazewm[0m[2m:[0m Another instance of the application is already running.
[2m2025-07-19T09:02:44.153512Z[0m [31mERROR[0m [2mglazewm[0m[2m:[0m Access is denied. (0x80070005)
[2m2025-07-21T15:56:36.419462Z[0m [31mERROR[0m [2mglazewm[0m[2m:[0m Access is denied. (0x80070005)
[2m2025-07-21T17:45:01.436323Z[0m [31mERROR[0m [2mglazewm[0m[2m:[0m Access is denied. (0x80070005)
[2m2025-07-22T02:27:37.956352Z[0m [31mERROR[0m [2mglazewm[0m[2m:[0m Access is denied. (0x80070005)
[2m2025-07-21T23:55:06.980830Z[0m [31mERROR[0m [2mglazewm[0m[2m:[0m Access is denied. (0x80070005)
[2m2025-07-24T00:12:25.483701Z[0m [31mERROR[0m [2mglazewm[0m[2m:[0m window_effects.focused_window.border: invalid digit found in string at line 36 column 7
[2m2025-07-24T00:18:55.699846Z[0m [31mERROR[0m [2mglazewm[0m[2m:[0m window_rules[1].match: invalid type: map, expected a sequence at line 97 column 7
[2m2025-07-24T03:30:34.600198Z[0m [31mERROR[0m [2mglazewm[0m[2m:[0m Another instance of the application is already running.
